# JRE version: Java(TM) SE Runtime Environment (21.0.4+8) (build 21.0.4+8-LTS-274)
# Java VM: Java HotSpot(TM) 64-Bit Server VM (21.0.4+8-LTS-274, mixed mode, sharing, tiered, compressed oops, compressed class ptrs, g1 gc, windows-amd64)
GC Precious Log:
 CardTable entry size: 512
 Card Set container configuration: InlinePtr #cards 4 size 8 Array Of Cards #cards 16 size 48 Howl #buckets 8 coarsen threshold 3686 Howl Bitmap #cards 512 size 80 coarsen threshold 460 Card regions per heap region 1 cards per card region 4096
 CPUs: 12 total, 12 available
 Memory: 16221M
 Large Page Support: Disabled
 NUMA Support: Disabled
 Compressed Oops: Enabled (Zero based)
 Heap Region Size: 2M
 Heap Min Capacity: 8M
 Heap Initial Capacity: 254M
 Heap Max Capacity: 4056M
 Pre-touch: Disabled
 Parallel Workers: 10
 Concurrent Workers: 3
 Concurrent Refinement Workers: 10
 Periodic GC: Disabled
Heap:
 garbage-first heap   total 96256K, used 83922K [0x0000000702800000, 0x0000000800000000)
  region size 2048K, 26 young (53248K), 2 survivors (4096K)
 Metaspace       used 60519K, committed 60928K, reserved 1114112K
  class space    used 7759K, committed 7936K, reserved 1048576K
GC Heap History (20 events):
Event: 7.654 GC heap after
{Heap after GC invocations=12 (full 0):
 garbage-first heap   total 96256K, used 25423K [0x0000000702800000, 0x0000000800000000)
  region size 2048K, 3 young (6144K), 3 survivors (6144K)
 Metaspace       used 37641K, committed 38016K, reserved 1114112K
  class space    used 4583K, committed 4736K, reserved 1048576K
}
Event: 8.385 GC heap before
{Heap before GC invocations=12 (full 0):
 garbage-first heap   total 96256K, used 76623K [0x0000000702800000, 0x0000000800000000)
  region size 2048K, 28 young (57344K), 3 survivors (6144K)
 Metaspace       used 42334K, committed 42688K, reserved 1114112K
  class space    used 5340K, committed 5504K, reserved 1048576K
}
Event: 8.390 GC heap after
{Heap after GC invocations=13 (full 0):
 garbage-first heap   total 96256K, used 26374K [0x0000000702800000, 0x0000000800000000)
  region size 2048K, 2 young (4096K), 2 survivors (4096K)
 Metaspace       used 42334K, committed 42688K, reserved 1114112K
  class space    used 5340K, committed 5504K, reserved 1048576K
}
Event: 9.135 GC heap before
{Heap before GC invocations=13 (full 0):
 garbage-first heap   total 96256K, used 77574K [0x0000000702800000, 0x0000000800000000)
  region size 2048K, 28 young (57344K), 2 survivors (4096K)
 Metaspace       used 47471K, committed 47872K, reserved 1114112K
  class space    used 6050K, committed 6272K, reserved 1048576K
}
Event: 9.140 GC heap after
{Heap after GC invocations=14 (full 0):
 garbage-first heap   total 96256K, used 27732K [0x0000000702800000, 0x0000000800000000)
  region size 2048K, 3 young (6144K), 3 survivors (6144K)
 Metaspace       used 47471K, committed 47872K, reserved 1114112K
  class space    used 6050K, committed 6272K, reserved 1048576K
}
Event: 9.861 GC heap before
{Heap before GC invocations=14 (full 0):
 garbage-first heap   total 96256K, used 78932K [0x0000000702800000, 0x0000000800000000)
  region size 2048K, 28 young (57344K), 3 survivors (6144K)
 Metaspace       used 52004K, committed 52416K, reserved 1114112K
  class space    used 6734K, committed 6912K, reserved 1048576K
}
Event: 9.867 GC heap after
{Heap after GC invocations=15 (full 0):
 garbage-first heap   total 96256K, used 28801K [0x0000000702800000, 0x0000000800000000)
  region size 2048K, 3 young (6144K), 3 survivors (6144K)
 Metaspace       used 52004K, committed 52416K, reserved 1114112K
  class space    used 6734K, committed 6912K, reserved 1048576K
}
Event: 10.542 GC heap before
{Heap before GC invocations=15 (full 0):
 garbage-first heap   total 96256K, used 80001K [0x0000000702800000, 0x0000000800000000)
  region size 2048K, 28 young (57344K), 3 survivors (6144K)
 Metaspace       used 54121K, committed 54528K, reserved 1114112K
  class space    used 6974K, committed 7168K, reserved 1048576K
}
Event: 10.548 GC heap after
{Heap after GC invocations=16 (full 0):
 garbage-first heap   total 96256K, used 30309K [0x0000000702800000, 0x0000000800000000)
  region size 2048K, 3 young (6144K), 3 survivors (6144K)
 Metaspace       used 54121K, committed 54528K, reserved 1114112K
  class space    used 6974K, committed 7168K, reserved 1048576K
}
Event: 11.364 GC heap before
{Heap before GC invocations=16 (full 0):
 garbage-first heap   total 96256K, used 81509K [0x0000000702800000, 0x0000000800000000)
  region size 2048K, 28 young (57344K), 3 survivors (6144K)
 Metaspace       used 58091K, committed 58560K, reserved 1114112K
  class space    used 7478K, committed 7680K, reserved 1048576K
}
Event: 11.370 GC heap after
{Heap after GC invocations=17 (full 0):
 garbage-first heap   total 96256K, used 32175K [0x0000000702800000, 0x0000000800000000)
  region size 2048K, 3 young (6144K), 3 survivors (6144K)
 Metaspace       used 58091K, committed 58560K, reserved 1114112K
  class space    used 7478K, committed 7680K, reserved 1048576K
}
Event: 11.672 GC heap before
{Heap before GC invocations=17 (full 0):
 garbage-first heap   total 96256K, used 54703K [0x0000000702800000, 0x0000000800000000)
  region size 2048K, 16 young (32768K), 3 survivors (6144K)
 Metaspace       used 59891K, committed 60288K, reserved 1114112K
  class space    used 7703K, committed 7872K, reserved 1048576K
}
Event: 11.678 GC heap after
{Heap after GC invocations=18 (full 0):
 garbage-first heap   total 96256K, used 32761K [0x0000000702800000, 0x0000000800000000)
  region size 2048K, 3 young (6144K), 3 survivors (6144K)
 Metaspace       used 59891K, committed 60288K, reserved 1114112K
  class space    used 7703K, committed 7872K, reserved 1048576K
}
Event: 12.217 GC heap before
{Heap before GC invocations=19 (full 0):
 garbage-first heap   total 96256K, used 79865K [0x0000000702800000, 0x0000000800000000)
  region size 2048K, 27 young (55296K), 3 survivors (6144K)
 Metaspace       used 60476K, committed 60864K, reserved 1114112K
  class space    used 7756K, committed 7936K, reserved 1048576K
}
Event: 12.223 GC heap after
{Heap after GC invocations=20 (full 0):
 garbage-first heap   total 96256K, used 34643K [0x0000000702800000, 0x0000000800000000)
  region size 2048K, 4 young (8192K), 4 survivors (8192K)
 Metaspace       used 60476K, committed 60864K, reserved 1114112K
  class space    used 7756K, committed 7936K, reserved 1048576K
}
Event: 18.276 GC heap before
{Heap before GC invocations=20 (full 0):
 garbage-first heap   total 96256K, used 79699K [0x0000000702800000, 0x0000000800000000)
  region size 2048K, 26 young (53248K), 4 survivors (8192K)
 Metaspace       used 60513K, committed 60928K, reserved 1114112K
  class space    used 7759K, committed 7936K, reserved 1048576K
}
Event: 18.282 GC heap after
{Heap after GC invocations=21 (full 0):
 garbage-first heap   total 96256K, used 35068K [0x0000000702800000, 0x0000000800000000)
  region size 2048K, 2 young (4096K), 2 survivors (4096K)
 Metaspace       used 60513K, committed 60928K, reserved 1114112K
  class space    used 7759K, committed 7936K, reserved 1048576K
}
Event: 25.021 GC heap before
{Heap before GC invocations=21 (full 0):
 garbage-first heap   total 96256K, used 84220K [0x0000000702800000, 0x0000000800000000)
  region size 2048K, 26 young (53248K), 2 survivors (4096K)
 Metaspace       used 60513K, committed 60928K, reserved 1114112K
  class space    used 7759K, committed 7936K, reserved 1048576K
}
Event: 25.024 GC heap after
{Heap after GC invocations=22 (full 0):
 garbage-first heap   total 96256K, used 34770K [0x0000000702800000, 0x0000000800000000)
  region size 2048K, 2 young (4096K), 2 survivors (4096K)
 Metaspace       used 60513K, committed 60928K, reserved 1114112K
  class space    used 7759K, committed 7936K, reserved 1048576K
}
Event: 32.426 GC heap before
{Heap before GC invocations=22 (full 0):
 garbage-first heap   total 96256K, used 83922K [0x0000000702800000, 0x0000000800000000)
  region size 2048K, 26 young (53248K), 2 survivors (4096K)
 Metaspace       used 60519K, committed 60928K, reserved 1114112K
  class space    used 7759K, committed 7936K, reserved 1048576K
}

